----------------------------------------------------------------
Sun Sep 02 02:43:06 EEST 2012:
Booting Derby version The Apache Software Foundation - Apache Derby - 10.8.2.2 - (1181258): instance a816c00e-0139-8437-655d-0000219308c8 
on database directory /Users/gchomatas/astroboa/repositories/identities/identities_derby.db  with class loader ModuleClassLoader for Module "org.apache.derby:main" from local module loader @42bad8a8 (roots: /Users/gchomatas/astroboa/torquebox/jboss/modules) 
Loaded from jar:file:/Users/gchomatas/astroboa/torquebox/jboss/modules/org/apache/derby/main/derby-10.8.2.2.jar!/
java.vendor=Apple Inc.
java.runtime.version=1.6.0_33-b03-424-11M3720
user.dir=/Users/gchomatas/MAVEN-Projects/GITHUB/astroboa-cli
derby.system.home=null
Database Class Loader started - derby.database.classpath=''
----------------------------------------------------------------
Sun Sep 02 02:43:10 EEST 2012:
Booting Derby version The Apache Software Foundation - Apache Derby - 10.8.2.2 - (1181258): instance c1c9803d-0139-8437-655d-0000219308c8 
on database directory /Users/gchomatas/astroboa/repositories/aquinetix/aquinetix_derby.db  with class loader ModuleClassLoader for Module "org.apache.derby:main" from local module loader @42bad8a8 (roots: /Users/gchomatas/astroboa/torquebox/jboss/modules) 
Loaded from jar:file:/Users/gchomatas/astroboa/torquebox/jboss/modules/org/apache/derby/main/derby-10.8.2.2.jar!/
java.vendor=Apple Inc.
java.runtime.version=1.6.0_33-b03-424-11M3720
user.dir=/Users/gchomatas/MAVEN-Projects/GITHUB/astroboa-cli
derby.system.home=null
Database Class Loader started - derby.database.classpath=''
